<?xml version="1.0" encoding="UTF-8"?>
<testng-results ignored="0" total="7" passed="6" failed="1" skipped="0">
  <reporter-output>
  </reporter-output>
  <suite started-at="2024-12-21T17:56:53 WIB" name="Suite TestNG x Selenium" finished-at="2024-12-21T17:57:40 WIB" duration-ms="46748">
    <groups>
    </groups>
    <test started-at="2024-12-21T17:56:53 WIB" name="Ujian minggu ke 5" finished-at="2024-12-21T17:57:40 WIB" duration-ms="46748">
      <class name="com.CoTest">
        <test-method is-config="true" signature="setUp()[pri:0, instance:com.CoTest@62150f9e]" started-at="2024-12-21T17:57:17 WIB" name="setUp" finished-at="2024-12-21T17:57:21 WIB" duration-ms="3807" status="PASS">
          <reporter-output>
          </reporter-output>
        </test-method> <!-- setUp -->
        <test-method signature="checkoutEmptyCartTest()[pri:0, instance:com.CoTest@62150f9e]" started-at="2024-12-21T17:57:21 WIB" name="checkoutEmptyCartTest" finished-at="2024-12-21T17:57:23 WIB" duration-ms="1591" status="FAIL">
          <exception class="java.lang.AssertionError">
            <message>
              <![CDATA[Terdeteksi checkout berhasil dengan keranjang kosnog]]>
            </message>
            <full-stacktrace>
              <![CDATA[java.lang.AssertionError: Terdeteksi checkout berhasil dengan keranjang kosnog
at org.testng.Assert.fail(Assert.java:111)
at com.CoTest.checkoutEmptyCartTest(CoTest.java:87)
at java.base/jdk.internal.reflect.NativeMethodAccessorImpl.invoke0(Native Method)
at java.base/jdk.internal.reflect.NativeMethodAccessorImpl.invoke(NativeMethodAccessorImpl.java:77)
at java.base/jdk.internal.reflect.DelegatingMethodAccessorImpl.invoke(DelegatingMethodAccessorImpl.java:43)
at java.base/java.lang.reflect.Method.invoke(Method.java:569)
at org.testng.internal.invokers.MethodInvocationHelper.invokeMethod(MethodInvocationHelper.java:139)
at org.testng.internal.invokers.TestInvoker.invokeMethod(TestInvoker.java:664)
at org.testng.internal.invokers.TestInvoker.invokeTestMethod(TestInvoker.java:227)
at org.testng.internal.invokers.MethodRunner.runInSequence(MethodRunner.java:50)
at org.testng.internal.invokers.TestInvoker$MethodInvocationAgent.invoke(TestInvoker.java:957)
at org.testng.internal.invokers.TestInvoker.invokeTestMethods(TestInvoker.java:200)
at org.testng.internal.invokers.TestMethodWorker.invokeTestMethods(TestMethodWorker.java:148)
at org.testng.internal.invokers.TestMethodWorker.run(TestMethodWorker.java:128)
at java.base/java.util.ArrayList.forEach(ArrayList.java:1511)
at org.testng.TestRunner.privateRun(TestRunner.java:848)
at org.testng.TestRunner.run(TestRunner.java:621)
at org.testng.SuiteRunner.runTest(SuiteRunner.java:443)
at org.testng.SuiteRunner.runSequentially(SuiteRunner.java:437)
at org.testng.SuiteRunner.privateRun(SuiteRunner.java:397)
at org.testng.SuiteRunner.run(SuiteRunner.java:336)
at org.testng.SuiteRunnerWorker.runSuite(SuiteRunnerWorker.java:52)
at org.testng.SuiteRunnerWorker.run(SuiteRunnerWorker.java:95)
at org.testng.TestNG.runSuitesSequentially(TestNG.java:1280)
at org.testng.TestNG.runSuitesLocally(TestNG.java:1200)
at org.testng.TestNG.runSuites(TestNG.java:1114)
at org.testng.TestNG.run(TestNG.java:1082)
at org.apache.maven.surefire.testng.TestNGExecutor.run(TestNGExecutor.java:308)
at org.apache.maven.surefire.testng.TestNGXmlTestSuite.execute(TestNGXmlTestSuite.java:71)
at org.apache.maven.surefire.testng.TestNGProvider.invoke(TestNGProvider.java:113)
at org.apache.maven.surefire.booter.ForkedBooter.runSuitesInProcess(ForkedBooter.java:385)
at org.apache.maven.surefire.booter.ForkedBooter.execute(ForkedBooter.java:162)
at org.apache.maven.surefire.booter.ForkedBooter.run(ForkedBooter.java:507)
at org.apache.maven.surefire.booter.ForkedBooter.main(ForkedBooter.java:495)
]]>
            </full-stacktrace>
          </exception> <!-- java.lang.AssertionError -->
          <reporter-output>
          </reporter-output>
        </test-method> <!-- checkoutEmptyCartTest -->
        <test-method is-config="true" signature="close()[pri:0, instance:com.CoTest@62150f9e]" started-at="2024-12-21T17:57:23 WIB" name="close" finished-at="2024-12-21T17:57:23 WIB" duration-ms="715" status="PASS">
          <reporter-output>
          </reporter-output>
        </test-method> <!-- close -->
        <test-method is-config="true" signature="setUp()[pri:0, instance:com.CoTest@62150f9e]" started-at="2024-12-21T17:57:23 WIB" name="setUp" finished-at="2024-12-21T17:57:26 WIB" duration-ms="3147" status="PASS">
          <reporter-output>
          </reporter-output>
        </test-method> <!-- setUp -->
        <test-method signature="missingCheckoutDetailsTest()[pri:0, instance:com.CoTest@62150f9e]" started-at="2024-12-21T17:57:26 WIB" name="missingCheckoutDetailsTest" finished-at="2024-12-21T17:57:33 WIB" duration-ms="6857" status="PASS">
          <reporter-output>
          </reporter-output>
        </test-method> <!-- missingCheckoutDetailsTest -->
        <test-method is-config="true" signature="close()[pri:0, instance:com.CoTest@62150f9e]" started-at="2024-12-21T17:57:33 WIB" name="close" finished-at="2024-12-21T17:57:34 WIB" duration-ms="567" status="PASS">
          <reporter-output>
          </reporter-output>
        </test-method> <!-- close -->
        <test-method is-config="true" signature="setUp()[pri:0, instance:com.CoTest@62150f9e]" started-at="2024-12-21T17:57:34 WIB" name="setUp" finished-at="2024-12-21T17:57:37 WIB" duration-ms="3609" status="PASS">
          <reporter-output>
          </reporter-output>
        </test-method> <!-- setUp -->
        <test-method signature="successCheckoutTest()[pri:0, instance:com.CoTest@62150f9e]" started-at="2024-12-21T17:57:37 WIB" name="successCheckoutTest" finished-at="2024-12-21T17:57:39 WIB" duration-ms="1827" status="PASS">
          <reporter-output>
          </reporter-output>
        </test-method> <!-- successCheckoutTest -->
        <test-method is-config="true" signature="close()[pri:0, instance:com.CoTest@62150f9e]" started-at="2024-12-21T17:57:39 WIB" name="close" finished-at="2024-12-21T17:57:40 WIB" duration-ms="547" status="PASS">
          <reporter-output>
          </reporter-output>
        </test-method> <!-- close -->
      </class> <!-- com.CoTest -->
      <class name="com.LoginTest">
        <test-method is-config="true" signature="setUp()[pri:0, instance:com.LoginTest@2c767a52]" started-at="2024-12-21T17:56:53 WIB" name="setUp" finished-at="2024-12-21T17:56:57 WIB" duration-ms="3805" status="PASS">
          <reporter-output>
          </reporter-output>
        </test-method> <!-- setUp -->
        <test-method signature="emptyLoginTest()[pri:0, instance:com.LoginTest@2c767a52]" started-at="2024-12-21T17:56:57 WIB" name="emptyLoginTest" finished-at="2024-12-21T17:56:59 WIB" duration-ms="2084" status="PASS">
          <reporter-output>
          </reporter-output>
        </test-method> <!-- emptyLoginTest -->
        <test-method is-config="true" signature="close()[pri:0, instance:com.LoginTest@2c767a52]" started-at="2024-12-21T17:56:59 WIB" name="close" finished-at="2024-12-21T17:57:00 WIB" duration-ms="567" status="PASS">
          <reporter-output>
          </reporter-output>
        </test-method> <!-- close -->
        <test-method is-config="true" signature="setUp()[pri:0, instance:com.LoginTest@2c767a52]" started-at="2024-12-21T17:57:00 WIB" name="setUp" finished-at="2024-12-21T17:57:02 WIB" duration-ms="2404" status="PASS">
          <reporter-output>
          </reporter-output>
        </test-method> <!-- setUp -->
        <test-method signature="loginPasswordInvalidTest()[pri:0, instance:com.LoginTest@2c767a52]" started-at="2024-12-21T17:57:02 WIB" name="loginPasswordInvalidTest" finished-at="2024-12-21T17:57:05 WIB" duration-ms="3033" status="PASS">
          <reporter-output>
          </reporter-output>
        </test-method> <!-- loginPasswordInvalidTest -->
        <test-method is-config="true" signature="close()[pri:0, instance:com.LoginTest@2c767a52]" started-at="2024-12-21T17:57:05 WIB" name="close" finished-at="2024-12-21T17:57:06 WIB" duration-ms="593" status="PASS">
          <reporter-output>
          </reporter-output>
        </test-method> <!-- close -->
        <test-method is-config="true" signature="setUp()[pri:0, instance:com.LoginTest@2c767a52]" started-at="2024-12-21T17:57:06 WIB" name="setUp" finished-at="2024-12-21T17:57:09 WIB" duration-ms="3129" status="PASS">
          <reporter-output>
          </reporter-output>
        </test-method> <!-- setUp -->
        <test-method signature="loginTestSuccess()[pri:0, instance:com.LoginTest@2c767a52]" started-at="2024-12-21T17:57:09 WIB" name="loginTestSuccess" finished-at="2024-12-21T17:57:11 WIB" duration-ms="1780" status="PASS">
          <reporter-output>
          </reporter-output>
        </test-method> <!-- loginTestSuccess -->
        <test-method is-config="true" signature="close()[pri:0, instance:com.LoginTest@2c767a52]" started-at="2024-12-21T17:57:11 WIB" name="close" finished-at="2024-12-21T17:57:11 WIB" duration-ms="742" status="PASS">
          <reporter-output>
          </reporter-output>
        </test-method> <!-- close -->
        <test-method is-config="true" signature="setUp()[pri:0, instance:com.LoginTest@2c767a52]" started-at="2024-12-21T17:57:11 WIB" name="setUp" finished-at="2024-12-21T17:57:14 WIB" duration-ms="3104" status="PASS">
          <reporter-output>
          </reporter-output>
        </test-method> <!-- setUp -->
        <test-method signature="loginUsernameInvalidTest()[pri:0, instance:com.LoginTest@2c767a52]" started-at="2024-12-21T17:57:14 WIB" name="loginUsernameInvalidTest" finished-at="2024-12-21T17:57:17 WIB" duration-ms="2233" status="PASS">
          <reporter-output>
          </reporter-output>
        </test-method> <!-- loginUsernameInvalidTest -->
        <test-method is-config="true" signature="close()[pri:0, instance:com.LoginTest@2c767a52]" started-at="2024-12-21T17:57:17 WIB" name="close" finished-at="2024-12-21T17:57:17 WIB" duration-ms="537" status="PASS">
          <reporter-output>
          </reporter-output>
        </test-method> <!-- close -->
      </class> <!-- com.LoginTest -->
    </test> <!-- Ujian minggu ke 5 -->
  </suite> <!-- Suite TestNG x Selenium -->
</testng-results>
